
Dec  7 00:18:11 C02FK9FDMD6M syslogd[124]: ASL Sender Statistics
Dec  7 00:18:12 C02FK9FDMD6M syslogd[124]: Configuration Notice:
	ASL Module "com.apple.cdscheduler" claims selected messages.
	Those messages may not appear in standard system log files or in the ASL database.
Dec  7 00:18:12 C02FK9FDMD6M syslogd[124]: Configuration Notice:
	ASL Module "com.apple.install" claims selected messages.
	Those messages may not appear in standard system log files or in the ASL database.
Dec  7 00:18:12 C02FK9FDMD6M syslogd[124]: Configuration Notice:
	ASL Module "com.apple.authd" sharing output destination "/var/log/asl" with ASL Module "com.apple.asl".
	Output parameters from ASL Module "com.apple.asl" override any specified in ASL Module "com.apple.authd".
Dec  7 00:18:12 C02FK9FDMD6M syslogd[124]: Configuration Notice:
	ASL Module "com.apple.authd" sharing output destination "/var/log/system.log" with ASL Module "com.apple.asl".
	Output parameters from ASL Module "com.apple.asl" override any specified in ASL Module "com.apple.authd".
Dec  7 00:18:12 C02FK9FDMD6M syslogd[124]: Configuration Notice:
	ASL Module "com.apple.authd" claims selected messages.
	Those messages may not appear in standard system log files or in the ASL database.
Dec  7 00:18:12 C02FK9FDMD6M syslogd[124]: Configuration Notice:
	ASL Module "com.apple.eventmonitor" claims selected messages.
	Those messages may not appear in standard system log files or in the ASL database.
Dec  7 00:18:12 C02FK9FDMD6M syslogd[124]: Configuration Notice:
	ASL Module "com.apple.mail" claims selected messages.
	Those messages may not appear in standard system log files or in the ASL database.
Dec  7 00:18:12 C02FK9FDMD6M syslogd[124]: Configuration Notice:
	ASL Module "com.apple.performance" claims selected messages.
	Those messages may not appear in standard system log files or in the ASL database.
Dec  7 00:18:12 C02FK9FDMD6M syslogd[124]: Configuration Notice:
	ASL Module "com.apple.iokit.power" claims selected messages.
	Those messages may not appear in standard system log files or in the ASL database.
Dec  7 00:18:12 C02FK9FDMD6M syslogd[124]: Configuration Notice:
	ASL Module "com.apple.contacts.ContactsAutocomplete" claims selected messages.
	Those messages may not appear in standard system log files or in the ASL database.
Dec  7 00:18:12 C02FK9FDMD6M syslogd[124]: Configuration Notice:
	ASL Module "com.apple.mkb" sharing output destination "/private/var/log/keybagd.log" with ASL Module "com.apple.mkb.internal".
	Output parameters from ASL Module "com.apple.mkb.internal" override any specified in ASL Module "com.apple.mkb".
Dec  7 00:18:12 C02FK9FDMD6M syslogd[124]: Configuration Notice:
	ASL Module "com.apple.mkb" claims selected messages.
	Those messages may not appear in standard system log files or in the ASL database.
Dec  7 00:18:12 C02FK9FDMD6M syslogd[124]: Configuration Notice:
	ASL Module "com.apple.MessageTracer" claims selected messages.
	Those messages may not appear in standard system log files or in the ASL database.
Dec  7 00:18:12 C02FK9FDMD6M syslogd[124]: Configuration Notice:
	ASL Module "com.apple.clouddocs" claims selected messages.
	Those messages may not appear in standard system log files or in the ASL database.
Dec  7 02:18:59 C02FK9FDMD6M syslogd[124]: ASL Sender Statistics
Dec  7 04:19:45 C02FK9FDMD6M syslogd[124]: ASL Sender Statistics
Dec  7 04:29:48 C02FK9FDMD6M syslogd[124]: ASL Sender Statistics
Dec  7 04:42:03 C02FK9FDMD6M syslogd[124]: ASL Sender Statistics
Dec  7 04:57:03 C02FK9FDMD6M syslogd[124]: ASL Sender Statistics
Dec  7 05:07:04 C02FK9FDMD6M syslogd[124]: ASL Sender Statistics
Dec  7 07:09:50 C02FK9FDMD6M syslogd[124]: ASL Sender Statistics
Dec  7 07:28:18 C02FK9FDMD6M syslogd[124]: ASL Sender Statistics
Dec  7 07:44:33 C02FK9FDMD6M syslogd[124]: ASL Sender Statistics
Dec  7 07:59:33 C02FK9FDMD6M syslogd[124]: ASL Sender Statistics
Dec  7 08:09:34 C02FK9FDMD6M syslogd[124]: ASL Sender Statistics
Dec  7 08:19:44 C02FK9FDMD6M syslogd[124]: ASL Sender Statistics
Dec  7 08:45:53 C02FK9FDMD6M syslogd[124]: ASL Sender Statistics
Dec  7 09:01:33 C02FK9FDMD6M syslogd[124]: ASL Sender Statistics
Dec  7 09:11:41 C02FK9FDMD6M syslogd[124]: ASL Sender Statistics
Dec  7 09:21:45 C02FK9FDMD6M syslogd[124]: ASL Sender Statistics
Dec  7 09:31:46 C02FK9FDMD6M syslogd[124]: ASL Sender Statistics
Dec  7 09:42:46 C02FK9FDMD6M syslogd[124]: ASL Sender Statistics
Dec  7 09:54:21 C02FK9FDMD6M syslogd[124]: ASL Sender Statistics